<?xml version="1.0" encoding="UTF-8"?>
<!-- Generated by org.testng.reporters.JUnitXMLReporter -->
<testsuite ignored="0" hostname="CBEN-1KL0P93-LX" failures="0" tests="4" name="Default test" time="41.902" errors="0" timestamp="2021-10-22T01:33:53 CST">
  <testcase classname="com.accenture.ws.NewTest" name="addOrderDiscountedTest" time="2.3"/>
  <testcase classname="com.accenture.ws.NewTest" name="addOrderNotDiscountedTest" time="2.208"/>
  <testcase classname="com.accenture.ws.NewTest" name="deleteOrderTest" time="4.06"/>
  <testcase classname="com.accenture.ws.NewTest" name="editOrderTest" time="5.475"/>
</testsuite> <!-- Default test -->
